This file contains any messages produced by compilers while
running configure, to aid debugging if configure makes a mistake.

It was created by P3DFFT configure 2.3.1, which was
generated by GNU Autoconf 2.59.  Invocation command line was

  $ ./configure --enable-pgi --enable-fftw --with-fftw=/opt/fftw/3.2.1/pgi FCFLAGS=-fastsse -tp barcelona-64 -Mextend -byteswapio CFLAGS=-fastsse -tp barcelona-64 LDFLAGS=-lmpi_f90 -lmpi_f77 -lmyriexpress --no-create --no-recursion

## --------- ##
## Platform. ##
## --------- ##

hostname = login-4-0.local
uname -m = x86_64
uname -r = 2.6.18-164.15.1.el5
uname -s = Linux
uname -v = #1 SMP Wed Mar 17 11:30:06 EDT 2010

/usr/bin/uname -p = unknown
/bin/uname -X     = unknown

/bin/arch              = x86_64
/usr/bin/arch -k       = unknown
/usr/convex/getsysinfo = unknown
hostinfo               = unknown
/bin/machine           = unknown
/usr/bin/oslevel       = unknown
/bin/universe          = unknown

PATH: /opt/fftw/3.2.1/pgi/bin
PATH: /opt/openmpi/pgi/mx/bin
PATH: /opt/pgi/linux86-64/10.5/bin
PATH: /usr/kerberos/bin
PATH: /usr/java/latest/bin
PATH: /usr/local/bin
PATH: /bin
PATH: /usr/bin
PATH: /opt/ganglia/bin
PATH: /opt/ganglia/sbin
PATH: /opt/gold/bin
PATH: /opt/gold/sbin
PATH: .
PATH: /opt/openmpi/bin/
PATH: /opt/torque/bin
PATH: opt/torque/sbin
PATH: /opt/moab/bin
PATH: /opt/moab/sbin
PATH: /opt/rocks/bin
PATH: /opt/rocks/sbin
PATH: /opt/sun-ct/bin
PATH: /home/d4park/bin


## ----------- ##
## Core tests. ##
## ----------- ##

configure:1396: checking for a BSD-compatible install
configure:1451: result: /usr/bin/install -c
configure:1462: checking whether build environment is sane
configure:1505: result: yes
configure:1570: checking for gawk
configure:1586: found /bin/gawk
configure:1596: result: gawk
configure:1606: checking whether make sets $(MAKE)
configure:1626: result: yes
configure:1806: checking whether to use IBM compiler
configure:1815: result: no
configure:1828: checking whether to use Intel compiler
configure:1837: result: no
configure:1850: checking whether to use PGI compiler
configure:1859: result: yes
configure:1874: checking whether to use GCC compiler
configure:1883: result: no
configure:1896: checking whether to enable single precision
configure:1905: result: no
configure:1918: checking whether to enable 1D decomposition
configure:1927: result: no
configure:1940: checking whether to enable estimation
configure:1949: result: no
configure:1962: checking whether to enable the measure algorithm
configure:1971: result: yes
configure:1984: checking whehter to enable the patient algorithm
configure:1993: result: no
configure:2006: checking whether to enable C convention for processor dimensions
configure:2015: result: no
configure:2037: checking whether to use MPI_Alltoall instead of MPI_Alltotallv
configure:2046: result: no
configure:2059: checking whether to enable stride-1 data structures
configure:2068: result: no
configure:2081: checking whether to override default value of NBL_X
configure:2101: result: no
configure:2106: checking whether to override the default value of NBL_Y
configure:2126: result: no
configure:2131: checking whether to use OpenMP library
configure:2140: result: no
configure:2153: checking whether to use FFTW library
configure:2162: result: yes
configure:2175: checking whether to use ESSL library
configure:2184: result: no
configure:2211: checking FFTW directory
configure:2222: result: /opt/fftw/3.2.1/pgi
configure:2305: checking for mpif90
configure:2321: found /opt/openmpi/pgi/mx/bin/mpif90
configure:2331: result: mpif90
configure:2346: checking for Fortran compiler version
configure:2349: mpif90 --version </dev/null >&5
pgf90-Error-Unknown switch: --version
configure:2352: $? = 1
configure:2354: mpif90 -v </dev/null >&5
pgf90-Warning-No files to process
configure:2357: $? = 0
configure:2359: mpif90 -V </dev/null >&5

pgf90 10.5-0 64-bit target on x86-64 Linux -tp nehalem-64 
Copyright 1989-2000, The Portland Group, Inc.  All Rights Reserved.
Copyright 2000-2010, STMicroelectronics, Inc.  All Rights Reserved.
configure:2362: $? = 0
configure:2376: checking for Fortran compiler default output file name
configure:2379: mpif90 -fastsse -tp barcelona-64 -Mextend -byteswapio -lmpi_f90 -lmpi_f77 -lmyriexpress -pgf90libs  conftest.f  >&5
configure:2382: $? = 0
configure:2428: result: a.out
configure:2433: checking whether the Fortran compiler works
configure:2439: ./a.out
configure:2442: $? = 0
configure:2459: result: yes
configure:2466: checking whether we are cross compiling
configure:2468: result: no
configure:2471: checking for suffix of executables
configure:2473: mpif90 -o conftest -fastsse -tp barcelona-64 -Mextend -byteswapio -lmpi_f90 -lmpi_f77 -lmyriexpress -pgf90libs  conftest.f  >&5
configure:2476: $? = 0
configure:2501: result: 
configure:2507: checking for suffix of object files
configure:2518: mpif90 -c -fastsse -tp barcelona-64 -Mextend -byteswapio  conftest.f >&5
configure:2521: $? = 0
configure:2543: result: o
configure:2551: checking whether we are using the GNU Fortran compiler
configure:2565: mpif90 -c -fastsse -tp barcelona-64 -Mextend -byteswapio  conftest.F >&5
PGF90-S-0034-Syntax error at or near end of line (conftest.F: 3)
  0 inform,   0 warnings,   1 severes, 0 fatal for main
configure:2571: $? = 2
configure: failed program was:
|       program main
| #ifndef __GNUC__
|        choke me
| #endif
| 
|       end
configure:2597: result: no
configure:2603: checking whether mpif90 accepts -g
configure:2615: mpif90 -c -g  conftest.f >&5
configure:2621: $? = 0
configure:2625: test -z 
			 || test ! -s conftest.err
configure:2628: $? = 0
configure:2631: test -s conftest.o
configure:2634: $? = 0
configure:2646: result: yes
configure:2674: checking for mpicc
configure:2690: found /opt/openmpi/pgi/mx/bin/mpicc
configure:2700: result: mpicc
configure:2752: checking for ranlib
configure:2768: found /usr/bin/ranlib
configure:2779: result: ranlib
configure:2804: checking for a BSD-compatible install
configure:2859: result: /usr/bin/install -c
configure:2870: checking whether make sets $(MAKE)
configure:2890: result: yes
configure:3219: checking for C compiler version
configure:3222: mpicc --version </dev/null >&5
pgcc-Error-Unknown switch: --version
configure:3225: $? = 1
configure:3227: mpicc -v </dev/null >&5
pgcc-Warning-No files to process
configure:3230: $? = 0
configure:3232: mpicc -V </dev/null >&5

pgcc 10.5-0 64-bit target on x86-64 Linux -tp nehalem-64 
Copyright 1989-2000, The Portland Group, Inc.  All Rights Reserved.
Copyright 2000-2010, STMicroelectronics, Inc.  All Rights Reserved.
configure:3235: $? = 0
configure:3238: checking whether we are using the GNU C compiler
configure:3262: mpicc -c -fastsse -tp barcelona-64  conftest.c >&5
PGC-S-0040-Illegal use of symbol, choke (conftest.c: 20)
PGC-W-0156-Type not specified, 'int' assumed (conftest.c: 20)
PGC/x86-64 Linux 10.5-0: compilation completed with severe errors
configure:3268: $? = 2
configure: failed program was:
| /* confdefs.h.  */
| 
| #define PACKAGE_NAME "P3DFFT"
| #define PACKAGE_TARNAME "p3dfft"
| #define PACKAGE_VERSION "2.3.1"
| #define PACKAGE_STRING "P3DFFT 2.3.1"
| #define PACKAGE_BUGREPORT "dmitry@sdsc.edu"
| #define PACKAGE "p3dfft"
| #define VERSION "2.3.1"
| #define CONFIGURE_ARGS "'--enable-pgi' '--enable-fftw' '--with-fftw=/opt/fftw/3.2.1/pgi' 'FCFLAGS=-fastsse -tp barcelona-64 -Mextend -byteswapio' 'CFLAGS=-fastsse -tp barcelona-64' 'LDFLAGS=-lmpi_f90 -lmpi_f77 -lmyriexpress'"
| #define PGI 1
| #define MEASURE 1
| #define FFTW 1
| /* end confdefs.h.  */
| 
| int
| main ()
| {
| #ifndef __GNUC__
|        choke me
| #endif
| 
|   ;
|   return 0;
| }
configure:3294: result: no
configure:3300: checking whether mpicc accepts -g
configure:3321: mpicc -c -g  conftest.c >&5
configure:3327: $? = 0
configure:3331: test -z 
			 || test ! -s conftest.err
configure:3334: $? = 0
configure:3337: test -s conftest.o
configure:3340: $? = 0
configure:3351: result: yes
configure:3368: checking for mpicc option to accept ANSI C
configure:3438: mpicc  -c -fastsse -tp barcelona-64  conftest.c >&5
configure:3444: $? = 0
configure:3448: test -z 
			 || test ! -s conftest.err
configure:3451: $? = 0
configure:3454: test -s conftest.o
configure:3457: $? = 0
configure:3475: result: none needed
configure:3493: mpicc -c -fastsse -tp barcelona-64  conftest.c >&5
PGC-S-0035-Syntax error: Recovery attempted by replacing identifier me by ';' (conftest.c: 2)
PGC-W-0156-Type not specified, 'int' assumed (conftest.c: 2)
PGC/x86-64 Linux 10.5-0: compilation completed with severe errors
configure:3499: $? = 2
configure: failed program was:
| #ifndef __cplusplus
|   choke me
| #endif
configure:3638: checking how to run the C preprocessor
configure:3673: mpicc -E  conftest.c
configure:3679: $? = 0
configure:3711: mpicc -E  conftest.c
PGC-F-0206-Can't find include file ac_nonexistent.h (conftest.c: 15)
PGC/x86-64 Linux 10.5-0: compilation aborted
configure:3717: $? = 2
configure: failed program was:
| /* confdefs.h.  */
| 
| #define PACKAGE_NAME "P3DFFT"
| #define PACKAGE_TARNAME "p3dfft"
| #define PACKAGE_VERSION "2.3.1"
| #define PACKAGE_STRING "P3DFFT 2.3.1"
| #define PACKAGE_BUGREPORT "dmitry@sdsc.edu"
| #define PACKAGE "p3dfft"
| #define VERSION "2.3.1"
| #define CONFIGURE_ARGS "'--enable-pgi' '--enable-fftw' '--with-fftw=/opt/fftw/3.2.1/pgi' 'FCFLAGS=-fastsse -tp barcelona-64 -Mextend -byteswapio' 'CFLAGS=-fastsse -tp barcelona-64' 'LDFLAGS=-lmpi_f90 -lmpi_f77 -lmyriexpress'"
| #define PGI 1
| #define MEASURE 1
| #define FFTW 1
| /* end confdefs.h.  */
| #include <ac_nonexistent.h>
configure:3756: result: mpicc -E
configure:3780: mpicc -E  conftest.c
configure:3786: $? = 0
configure:3818: mpicc -E  conftest.c
PGC-F-0206-Can't find include file ac_nonexistent.h (conftest.c: 15)
PGC/x86-64 Linux 10.5-0: compilation aborted
configure:3824: $? = 2
configure: failed program was:
| /* confdefs.h.  */
| 
| #define PACKAGE_NAME "P3DFFT"
| #define PACKAGE_TARNAME "p3dfft"
| #define PACKAGE_VERSION "2.3.1"
| #define PACKAGE_STRING "P3DFFT 2.3.1"
| #define PACKAGE_BUGREPORT "dmitry@sdsc.edu"
| #define PACKAGE "p3dfft"
| #define VERSION "2.3.1"
| #define CONFIGURE_ARGS "'--enable-pgi' '--enable-fftw' '--with-fftw=/opt/fftw/3.2.1/pgi' 'FCFLAGS=-fastsse -tp barcelona-64 -Mextend -byteswapio' 'CFLAGS=-fastsse -tp barcelona-64' 'LDFLAGS=-lmpi_f90 -lmpi_f77 -lmyriexpress'"
| #define PGI 1
| #define MEASURE 1
| #define FFTW 1
| /* end confdefs.h.  */
| #include <ac_nonexistent.h>
configure:3868: checking for egrep
configure:3878: result: grep -E
configure:3883: checking for ANSI C header files
configure:3908: mpicc -c -fastsse -tp barcelona-64  conftest.c >&5
configure:3914: $? = 0
configure:3918: test -z 
			 || test ! -s conftest.err
configure:3921: $? = 0
configure:3924: test -s conftest.o
configure:3927: $? = 0
configure:4016: mpicc -o conftest -fastsse -tp barcelona-64  -lmpi_f90 -lmpi_f77 -lmyriexpress -pgf90libs conftest.c  >&5
configure:4019: $? = 0
configure:4021: ./conftest
configure:4024: $? = 0
configure:4039: result: yes
configure:4063: checking for sys/types.h
configure:4079: mpicc -c -fastsse -tp barcelona-64  conftest.c >&5
configure:4085: $? = 0
configure:4089: test -z 
			 || test ! -s conftest.err
configure:4092: $? = 0
configure:4095: test -s conftest.o
configure:4098: $? = 0
configure:4109: result: yes
configure:4063: checking for sys/stat.h
configure:4079: mpicc -c -fastsse -tp barcelona-64  conftest.c >&5
configure:4085: $? = 0
configure:4089: test -z 
			 || test ! -s conftest.err
configure:4092: $? = 0
configure:4095: test -s conftest.o
configure:4098: $? = 0
configure:4109: result: yes
configure:4063: checking for stdlib.h
configure:4079: mpicc -c -fastsse -tp barcelona-64  conftest.c >&5
configure:4085: $? = 0
configure:4089: test -z 
			 || test ! -s conftest.err
configure:4092: $? = 0
configure:4095: test -s conftest.o
configure:4098: $? = 0
configure:4109: result: yes
configure:4063: checking for string.h
configure:4079: mpicc -c -fastsse -tp barcelona-64  conftest.c >&5
configure:4085: $? = 0
configure:4089: test -z 
			 || test ! -s conftest.err
configure:4092: $? = 0
configure:4095: test -s conftest.o
configure:4098: $? = 0
configure:4109: result: yes
configure:4063: checking for memory.h
configure:4079: mpicc -c -fastsse -tp barcelona-64  conftest.c >&5
configure:4085: $? = 0
configure:4089: test -z 
			 || test ! -s conftest.err
configure:4092: $? = 0
configure:4095: test -s conftest.o
configure:4098: $? = 0
configure:4109: result: yes
configure:4063: checking for strings.h
configure:4079: mpicc -c -fastsse -tp barcelona-64  conftest.c >&5
configure:4085: $? = 0
configure:4089: test -z 
			 || test ! -s conftest.err
configure:4092: $? = 0
configure:4095: test -s conftest.o
configure:4098: $? = 0
configure:4109: result: yes
configure:4063: checking for inttypes.h
configure:4079: mpicc -c -fastsse -tp barcelona-64  conftest.c >&5
configure:4085: $? = 0
configure:4089: test -z 
			 || test ! -s conftest.err
configure:4092: $? = 0
configure:4095: test -s conftest.o
configure:4098: $? = 0
configure:4109: result: yes
configure:4063: checking for stdint.h
configure:4079: mpicc -c -fastsse -tp barcelona-64  conftest.c >&5
configure:4085: $? = 0
configure:4089: test -z 
			 || test ! -s conftest.err
configure:4092: $? = 0
configure:4095: test -s conftest.o
configure:4098: $? = 0
configure:4109: result: yes
configure:4063: checking for unistd.h
configure:4079: mpicc -c -fastsse -tp barcelona-64  conftest.c >&5
configure:4085: $? = 0
configure:4089: test -z 
			 || test ! -s conftest.err
configure:4092: $? = 0
configure:4095: test -s conftest.o
configure:4098: $? = 0
configure:4109: result: yes
configure:4126: checking for stdlib.h
configure:4131: result: yes
configure:4280: checking for stdlib.h
configure:4285: result: yes
configure:4425: checking for GNU libc compatible malloc
configure:4454: mpicc -o conftest -fastsse -tp barcelona-64  -lmpi_f90 -lmpi_f77 -lmyriexpress -pgf90libs conftest.c  >&5
configure:4457: $? = 0
configure:4459: ./conftest
configure:4462: $? = 0
configure:4476: result: yes
configure:4607: creating ./config.status
configure:5685: creating new copy of p3dfft.h
configure:5689: concatenating config.h to p3dfft.h
configure:5693: configure script complete!

## ---------------- ##
## Cache variables. ##
## ---------------- ##

ac_cv_c_compiler_gnu=no
ac_cv_env_CC_set=
ac_cv_env_CC_value=
ac_cv_env_CFLAGS_set=set
ac_cv_env_CFLAGS_value='-fastsse -tp barcelona-64'
ac_cv_env_CPPFLAGS_set=
ac_cv_env_CPPFLAGS_value=
ac_cv_env_CPP_set=
ac_cv_env_CPP_value=
ac_cv_env_FCFLAGS_set=set
ac_cv_env_FCFLAGS_value='-fastsse -tp barcelona-64 -Mextend -byteswapio'
ac_cv_env_FC_set=
ac_cv_env_FC_value=
ac_cv_env_LDFLAGS_set=set
ac_cv_env_LDFLAGS_value='-lmpi_f90 -lmpi_f77 -lmyriexpress'
ac_cv_env_build_alias_set=
ac_cv_env_build_alias_value=
ac_cv_env_host_alias_set=
ac_cv_env_host_alias_value=
ac_cv_env_target_alias_set=
ac_cv_env_target_alias_value=
ac_cv_exeext=
ac_cv_fc_compiler_gnu=no
ac_cv_func_malloc_0_nonnull=yes
ac_cv_header_inttypes_h=yes
ac_cv_header_memory_h=yes
ac_cv_header_stdc=yes
ac_cv_header_stdint_h=yes
ac_cv_header_stdlib_h=yes
ac_cv_header_string_h=yes
ac_cv_header_strings_h=yes
ac_cv_header_sys_stat_h=yes
ac_cv_header_sys_types_h=yes
ac_cv_header_unistd_h=yes
ac_cv_objext=o
ac_cv_path_install='/usr/bin/install -c'
ac_cv_prog_AWK=gawk
ac_cv_prog_CC=mpicc
ac_cv_prog_CPP='mpicc -E'
ac_cv_prog_ac_ct_FC=mpif90
ac_cv_prog_ac_ct_RANLIB=ranlib
ac_cv_prog_cc_g=yes
ac_cv_prog_cc_stdc=
ac_cv_prog_egrep='grep -E'
ac_cv_prog_fc_g=yes
ac_cv_prog_make_make_set=yes

## ----------------- ##
## Output variables. ##
## ----------------- ##

ACLOCAL='${SHELL} /home/d4park/svn/trunk/missing --run aclocal-1.9'
AMTAR='${SHELL} /home/d4park/svn/trunk/missing --run tar'
AUTOCONF='${SHELL} /home/d4park/svn/trunk/missing --run autoconf'
AUTOHEADER='${SHELL} /home/d4park/svn/trunk/missing --run autoheader'
AUTOMAKE='${SHELL} /home/d4park/svn/trunk/missing --run automake-1.9'
AWK='gawk'
CC='mpicc'
CFLAGS='-fastsse -tp barcelona-64'
CPP='mpicc -E'
CPPFLAGS=''
CYGPATH_W='echo'
DEFS='-DHAVE_CONFIG_H'
DFLAGS=' -DPGI -DMEASURE -DFFTW'
ECHO_C=''
ECHO_N='-n'
ECHO_T=''
EGREP='grep -E'
EXEEXT=''
FC='mpif90'
FCFLAGS='-fastsse -tp barcelona-64 -Mextend -byteswapio'
FFTWF=''
FFTW_INC='-I/opt/fftw/3.2.1/pgi/include'
FFTW_LIB='/opt/fftw/3.2.1/pgi/lib/libfftw3.a'
INSTALL_DATA='${INSTALL} -m 644'
INSTALL_PROGRAM='${INSTALL}'
INSTALL_SCRIPT='${INSTALL}'
INSTALL_STRIP_PROGRAM='${SHELL} $(install_sh) -c -s'
LDFLAGS='-lmpi_f90 -lmpi_f77 -lmyriexpress -pgf90libs'
LIBOBJS=''
LIBS=''
LTLIBOBJS=''
MAKEINFO='${SHELL} /home/d4park/svn/trunk/missing --run makeinfo'
OBJEXT='o'
PACKAGE='p3dfft'
PACKAGE_BUGREPORT='dmitry@sdsc.edu'
PACKAGE_NAME='P3DFFT'
PACKAGE_STRING='P3DFFT 2.3.1'
PACKAGE_TARNAME='p3dfft'
PACKAGE_VERSION='2.3.1'
PATH_SEPARATOR=':'
RANLIB='ranlib'
SET_MAKE=''
SHELL='/bin/sh'
STRIP=''
SUCCESS='Build successful!'
TESTLIBS=''
VERSION='2.3.1'
ac_ct_CC=''
ac_ct_FC='mpif90'
ac_ct_RANLIB='ranlib'
ac_ct_STRIP=''
am__leading_dot='.'
am__tar='${AMTAR} chof - "$$tardir"'
am__untar='${AMTAR} xf -'
bindir='${exec_prefix}/bin'
build_alias=''
datadir='${prefix}/share'
exec_prefix='${prefix}'
host_alias=''
includedir='${prefix}/include'
infodir='${prefix}/info'
install_sh='/home/d4park/svn/trunk/install-sh'
libdir='${exec_prefix}/lib'
libexecdir='${exec_prefix}/libexec'
localstatedir='${prefix}/var'
mandir='${prefix}/man'
mkdir_p='mkdir -p --'
oldincludedir='/usr/include'
prefix='/usr/local'
program_transform_name='s,x,x,'
sbindir='${exec_prefix}/sbin'
sharedstatedir='${prefix}/com'
sysconfdir='${prefix}/etc'
target_alias=''

## ----------- ##
## confdefs.h. ##
## ----------- ##

#define CONFIGURE_ARGS "'--enable-pgi' '--enable-fftw' '--with-fftw=/opt/fftw/3.2.1/pgi' 'FCFLAGS=-fastsse -tp barcelona-64 -Mextend -byteswapio' 'CFLAGS=-fastsse -tp barcelona-64' 'LDFLAGS=-lmpi_f90 -lmpi_f77 -lmyriexpress'"
#define FFTW 1
#define HAVE_INTTYPES_H 1
#define HAVE_MALLOC 1
#define HAVE_MEMORY_H 1
#define HAVE_STDINT_H 1
#define HAVE_STDLIB_H 1
#define HAVE_STDLIB_H 1
#define HAVE_STDLIB_H 1
#define HAVE_STRINGS_H 1
#define HAVE_STRING_H 1
#define HAVE_SYS_STAT_H 1
#define HAVE_SYS_TYPES_H 1
#define HAVE_UNISTD_H 1
#define MEASURE 1
#define PACKAGE "p3dfft"
#define PACKAGE_BUGREPORT "dmitry@sdsc.edu"
#define PACKAGE_NAME "P3DFFT"
#define PACKAGE_STRING "P3DFFT 2.3.1"
#define PACKAGE_TARNAME "p3dfft"
#define PACKAGE_VERSION "2.3.1"
#define PGI 1
#define STDC_HEADERS 1
#define VERSION "2.3.1"

configure: exit 0

## ---------------------- ##
## Running config.status. ##
## ---------------------- ##

This file was extended by P3DFFT config.status 2.3.1, which was
generated by GNU Autoconf 2.59.  Invocation command line was

  CONFIG_FILES    = 
  CONFIG_HEADERS  = 
  CONFIG_LINKS    = 
  CONFIG_COMMANDS = 
  $ ./config.status 

on login-4-0.local

config.status:683: creating Makefile
config.status:683: creating build/Makefile
config.status:683: creating sample/Makefile
config.status:683: creating sample/C/Makefile
config.status:683: creating sample/FORTRAN/Makefile
config.status:787: creating config.h
